2024-12-23 12:08:37,171 - INFO - пїЅпїЅпїЅпїЅпїЅпїЅ пїЅпїЅпїЅпїЅ: C:/Users/user/Downloads/black50.png
2024-12-23 12:08:40,010 - ERROR - пїЅпїЅпїЅпїЅпїЅпїЅ пїЅпїЅпїЅпїЅпїЅпїЅпїЅпїЅпїЅпїЅпїЅ пїЅпїЅпїЅпїЅпїЅпїЅпїЅпїЅпїЅпїЅпїЅ: module 'PIL.Image' has no attribute 'ANTIALIAS'
2024-12-23 12:08:44,177 - INFO - пїЅпїЅпїЅпїЅ пїЅпїЅпїЅпїЅпїЅпїЅпїЅпїЅ: -90.00 пїЅпїЅпїЅпїЅпїЅпїЅпїЅпїЅ. пїЅпїЅпїЅпїЅпїЅпїЅпїЅпїЅпїЅпїЅ пїЅпїЅпїЅпїЅпїЅпїЅпїЅпїЅпїЅпїЅ.
2024-12-23 12:08:44,178 - INFO - пїЅпїЅпїЅпїЅпїЅпїЅпїЅпїЅ OCR...
2024-12-23 12:08:49,721 - INFO - пїЅпїЅпїЅпїЅпїЅ пїЅпїЅпїЅпїЅпїЅпїЅпїЅпїЅпїЅ: 9.78 пїЅпїЅпїЅпїЅпїЅпїЅ.
2024-12-23 12:11:23,937 - INFO - пїЅпїЅпїЅпїЅпїЅпїЅ пїЅпїЅпїЅпїЅ: C:/Users/user/Downloads/black50.png
2024-12-23 12:11:28,023 - INFO - пїЅпїЅпїЅпїЅ пїЅпїЅпїЅпїЅпїЅпїЅпїЅпїЅ: -90.00 пїЅпїЅпїЅпїЅпїЅпїЅпїЅпїЅ. пїЅпїЅпїЅпїЅпїЅпїЅпїЅпїЅпїЅпїЅ пїЅпїЅпїЅпїЅпїЅпїЅпїЅпїЅпїЅпїЅ.
2024-12-23 12:11:28,023 - INFO - пїЅпїЅпїЅпїЅпїЅпїЅпїЅпїЅ OCR...
2024-12-23 12:11:29,058 - INFO - пїЅпїЅпїЅпїЅпїЅ пїЅпїЅпїЅпїЅпїЅпїЅпїЅпїЅпїЅ: 1.65 пїЅпїЅпїЅпїЅпїЅпїЅ.
2024-12-23 12:14:25,046 - INFO - пїЅпїЅпїЅпїЅпїЅпїЅ пїЅпїЅпїЅпїЅ: C:/Users/user/Downloads/WhatsApp Image 2024-12-23 at 12.14.11.jpeg
2024-12-23 12:14:26,926 - INFO - пїЅпїЅпїЅпїЅ пїЅпїЅпїЅпїЅпїЅпїЅпїЅпїЅ: -90.00 пїЅпїЅпїЅпїЅпїЅпїЅпїЅпїЅ. пїЅпїЅпїЅпїЅпїЅпїЅпїЅпїЅпїЅпїЅ пїЅпїЅпїЅпїЅпїЅпїЅпїЅпїЅпїЅпїЅ.
2024-12-23 12:14:26,927 - INFO - пїЅпїЅпїЅпїЅпїЅпїЅпїЅпїЅ OCR...
2024-12-23 12:14:27,483 - INFO - пїЅпїЅпїЅпїЅпїЅ пїЅпїЅпїЅпїЅпїЅпїЅпїЅпїЅпїЅ: 0.68 пїЅпїЅпїЅпїЅпїЅпїЅ.
2024-12-23 12:15:29,546 - INFO - пїЅпїЅпїЅпїЅпїЅпїЅ пїЅпїЅпїЅпїЅ: C:/Users/user/Downloads/WhatsApp Image 2024-12-23 at 12.15.16.jpeg
2024-12-23 12:15:30,579 - INFO - пїЅпїЅпїЅпїЅ пїЅпїЅпїЅпїЅпїЅпїЅпїЅпїЅ: -90.00 пїЅпїЅпїЅпїЅпїЅпїЅпїЅпїЅ. пїЅпїЅпїЅпїЅпїЅпїЅпїЅпїЅпїЅпїЅ пїЅпїЅпїЅпїЅпїЅпїЅпїЅпїЅпїЅпїЅ.
2024-12-23 12:15:30,581 - INFO - пїЅпїЅпїЅпїЅпїЅпїЅпїЅпїЅ OCR...
2024-12-23 12:15:31,049 - INFO - пїЅпїЅпїЅпїЅпїЅ пїЅпїЅпїЅпїЅпїЅпїЅпїЅпїЅпїЅ: 0.54 пїЅпїЅпїЅпїЅпїЅпїЅ.
2024-12-23 12:17:09,530 - INFO - пїЅпїЅпїЅпїЅпїЅпїЅ пїЅпїЅпїЅпїЅ: C:/Users/user/Downloads/WhatsApp Image 2024-12-23 at 12.16.58.jpeg
2024-12-23 12:17:11,003 - INFO - пїЅпїЅпїЅпїЅ пїЅпїЅпїЅпїЅпїЅпїЅпїЅпїЅ: -90.00 пїЅпїЅпїЅпїЅпїЅпїЅпїЅпїЅ. пїЅпїЅпїЅпїЅпїЅпїЅпїЅпїЅпїЅпїЅ пїЅпїЅпїЅпїЅпїЅпїЅпїЅпїЅпїЅпїЅ.
2024-12-23 12:17:11,005 - INFO - пїЅпїЅпїЅпїЅпїЅпїЅпїЅпїЅ OCR...
2024-12-23 12:17:12,244 - INFO - пїЅпїЅпїЅпїЅпїЅ пїЅпїЅпїЅпїЅпїЅпїЅпїЅпїЅпїЅ: 1.33 пїЅпїЅпїЅпїЅпїЅпїЅ.
2024-12-23 12:46:28,440 - WARNING - Using CPU. Note: This module is much faster with a GPU.
2024-12-23 12:46:28,444 - WARNING - Downloading detection model, please wait. This may take several minutes depending upon your network connection.
2024-12-23 12:49:14,845 - INFO - Download complete
2024-12-23 12:49:14,846 - WARNING - Downloading recognition model, please wait. This may take several minutes depending upon your network connection.
2024-12-23 12:49:37,371 - INFO - Download complete.
2024-12-23 12:56:25,375 - INFO - Выбран файл: C:/Users/user/Downloads/black50.png
2024-12-23 12:56:27,812 - INFO - Выбран метод OCR: Tesseract
2024-12-23 12:56:32,324 - INFO - Выбран метод OCR: EasyOCR
2024-12-23 13:04:48,499 - INFO - Выбран файл: C:/Users/user/Downloads/WhatsApp Image 2024-12-23 at 12.16.58.jpeg
2024-12-23 13:04:51,267 - INFO - Выбран метод OCR: EasyOCR
2024-12-23 13:05:38,949 - INFO - Выбран метод OCR: EasyOCR
